<?xml version="1.0" encoding="utf-8"?><testsuites name="pytest tests"><testsuite name="pytest" errors="0" failures="7" skipped="0" tests="15" time="233.553" timestamp="2026-03-04T16:29:44.312814+05:30" hostname="rana-HP-EliteBook-840-G1"><testcase classname="tests.test_audio" name="test_audio_button_present_and_clickable" time="11.673" /><testcase classname="tests.test_checkpoint" name="test_restart_clears_checkpoint" time="15.636"><failure message="AssertionError: Restart button not found in: ['Kannada Baruthe\nLearn Kannada\nStart Lesson', 'Kannada Baruthe\nLearn Kannada\nStart Lesson', 'Kannada Baruthe\nLearn Kannada\nStart Lesson', 'Kannada Baruthe\nLearn Kannada\nStart Lesson', 'Kannada Baruthe', 'Learn Kannada', 'Start Lesson']&#10;assert False">tests/test_checkpoint.py:56: in test_restart_clears_checkpoint
    assert has_restart, f"Restart button not found in: {texts}"
E   AssertionError: Restart button not found in: ['Kannada Baruthe\nLearn Kannada\nStart Lesson', 'Kannada Baruthe\nLearn Kannada\nStart Lesson', 'Kannada Baruthe\nLearn Kannada\nStart Lesson', 'Kannada Baruthe\nLearn Kannada\nStart Lesson', 'Kannada Baruthe', 'Learn Kannada', 'Start Lesson']
E   assert False</failure></testcase><testcase classname="tests.test_checkpoint" name="test_resume_restores_position" time="19.818"><failure message="AssertionError: Progress should be 3/10, not found in: ['Kannada Baruthe\nLearn Kannada\nStart Lesson', 'Kannada Baruthe\nLearn Kannada\nStart Lesson', 'Kannada Baruthe\nLearn Kannada\nStart Lesson', 'Kannada Baruthe\nLearn Kannada\nStart Lesson', 'Kannada Baruthe', 'Learn Kannada', 'Start Lesson']&#10;assert False">tests/test_checkpoint.py:146: in test_resume_restores_position
    assert progress_found, f"Progress should be 3/10, not found in: {texts}"
E   AssertionError: Progress should be 3/10, not found in: ['Kannada Baruthe\nLearn Kannada\nStart Lesson', 'Kannada Baruthe\nLearn Kannada\nStart Lesson', 'Kannada Baruthe\nLearn Kannada\nStart Lesson', 'Kannada Baruthe\nLearn Kannada\nStart Lesson', 'Kannada Baruthe', 'Learn Kannada', 'Start Lesson']
E   assert False</failure></testcase><testcase classname="tests.test_completion" name="test_completion_elements" time="45.384"><failure message="AssertionError: Completion elements not found in: ['2 / 10\nಬಾಳೆಹಣ್ಣು\nBāḷehaṇṇu\nPlay audio\nMango\nBanana', '2 / 10\nಬಾಳೆಹಣ್ಣು\nBāḷehaṇṇu\nPlay audio\nMango\nBanana', '2 / 10\nಬಾಳೆಹಣ್ಣು\nBāḷehaṇṇu\nPlay audio\nMango\nBanana', '2 / 10\nಬಾಳೆಹಣ್ಣು\nBāḷehaṇṇu\nPlay audio\nMango\nBanana', '2 / 10', 'ಬಾಳೆಹಣ್ಣು', 'Bāḷehaṇṇu', 'Play audio', 'Mango\nBanana', 'Mango\nBanana', 'Mango', 'Banana']&#10;assert False">tests/test_completion.py:70: in test_completion_elements
    assert complete_found, f"Completion elements not found in: {texts}"
E   AssertionError: Completion elements not found in: ['2 / 10\nಬಾಳೆಹಣ್ಣು\nBāḷehaṇṇu\nPlay audio\nMango\nBanana', '2 / 10\nಬಾಳೆಹಣ್ಣು\nBāḷehaṇṇu\nPlay audio\nMango\nBanana', '2 / 10\nಬಾಳೆಹಣ್ಣು\nBāḷehaṇṇu\nPlay audio\nMango\nBanana', '2 / 10\nಬಾಳೆಹಣ್ಣು\nBāḷehaṇṇu\nPlay audio\nMango\nBanana', '2 / 10', 'ಬಾಳೆಹಣ್ಣು', 'Bāḷehaṇṇu', 'Play audio', 'Mango\nBanana', 'Mango\nBanana', 'Mango', 'Banana']
E   assert False</failure></testcase><testcase classname="tests.test_completion" name="test_back_to_home_clears_checkpoint" time="0.354"><failure message="playwright._impl._errors.Error: Page.goto: net::ERR_ABORTED at http://localhost:8081/&#10;Call log:&#10;  - navigating to &quot;http://localhost:8081/&quot;, waiting until &quot;load&quot;">tests/test_completion.py:73: in test_back_to_home_clears_checkpoint
    go_home(page)
tests/conftest.py:36: in go_home
    page.goto(BASE_URL)
../../.pyenv/versions/3.12.12/lib/python3.12/site-packages/playwright/sync_api/_generated.py:9019: in goto
    self._sync(
../../.pyenv/versions/3.12.12/lib/python3.12/site-packages/playwright/_impl/_page.py:555: in goto
    return await self._main_frame.goto(**locals_to_params(locals()))
           ^^^^^^^^^^^^^^^^^^^^^^^^^^^^^^^^^^^^^^^^^^^^^^^^^^^^^^^^^
../../.pyenv/versions/3.12.12/lib/python3.12/site-packages/playwright/_impl/_frame.py:153: in goto
    await self._channel.send(
../../.pyenv/versions/3.12.12/lib/python3.12/site-packages/playwright/_impl/_connection.py:69: in send
    return await self._connection.wrap_api_call(
../../.pyenv/versions/3.12.12/lib/python3.12/site-packages/playwright/_impl/_connection.py:559: in wrap_api_call
    raise rewrite_error(error, f"{parsed_st['apiName']}: {error}") from None
E   playwright._impl._errors.Error: Page.goto: net::ERR_ABORTED at http://localhost:8081/
E   Call log:
E     - navigating to "http://localhost:8081/", waiting until "load"</failure></testcase><testcase classname="tests.test_exercise" name="test_kannada_word_shown" time="11.107" /><testcase classname="tests.test_exercise" name="test_four_tiles_visible" time="10.289"><failure message="AssertionError: Expected 4 tiles, found 2 in: ['1 / 10\nಸೇಬು\nSēbu\nPlay audio\nApple\nBanana', '1 / 10\nಸೇಬು\nSēbu\nPlay audio\nApple\nBanana', '1 / 10\nಸೇಬು\nSēbu\nPlay audio\nApple\nBanana', '1 / 10\nಸೇಬು\nSēbu\nPlay audio\nApple\nBanana', '1 / 10', 'ಸೇಬು', 'Sēbu', 'Play audio', 'Apple\nBanana', 'Apple\nBanana', 'Apple', 'Banana']&#10;assert 2 &gt;= 4">tests/test_exercise.py:31: in test_four_tiles_visible
    assert found_tiles &gt;= 4, f"Expected 4 tiles, found {found_tiles} in: {texts}"
E   AssertionError: Expected 4 tiles, found 2 in: ['1 / 10\nಸೇಬು\nSēbu\nPlay audio\nApple\nBanana', '1 / 10\nಸೇಬು\nSēbu\nPlay audio\nApple\nBanana', '1 / 10\nಸೇಬು\nSēbu\nPlay audio\nApple\nBanana', '1 / 10\nಸೇಬು\nSēbu\nPlay audio\nApple\nBanana', '1 / 10', 'ಸೇಬು', 'Sēbu', 'Play audio', 'Apple\nBanana', 'Apple\nBanana', 'Apple', 'Banana']
E   assert 2 &gt;= 4</failure></testcase><testcase classname="tests.test_exercise" name="test_correct_tap_shows_correct_banner" time="12.324" /><testcase classname="tests.test_exercise" name="test_wrong_tap_shows_wrong_banner" time="11.897" /><testcase classname="tests.test_home" name="test_app_name_visible" time="6.740" /><testcase classname="tests.test_home" name="test_start_button_present" time="6.480" /><testcase classname="tests.test_home" name="test_no_resume_on_fresh_start" time="7.441" /><testcase classname="tests.test_home" name="test_resume_shown_after_checkpoint" time="16.036"><failure message="AssertionError: Resume/Restart not found in: ['Kannada Baruthe\nLearn Kannada\nStart Lesson', 'Kannada Baruthe\nLearn Kannada\nStart Lesson', 'Kannada Baruthe\nLearn Kannada\nStart Lesson', 'Kannada Baruthe\nLearn Kannada\nStart Lesson', 'Kannada Baruthe', 'Learn Kannada', 'Start Lesson']&#10;assert (False or False)">tests/test_home.py:69: in test_resume_shown_after_checkpoint
    assert has_resume or has_restart, f"Resume/Restart not found in: {texts}"
E   AssertionError: Resume/Restart not found in: ['Kannada Baruthe\nLearn Kannada\nStart Lesson', 'Kannada Baruthe\nLearn Kannada\nStart Lesson', 'Kannada Baruthe\nLearn Kannada\nStart Lesson', 'Kannada Baruthe\nLearn Kannada\nStart Lesson', 'Kannada Baruthe', 'Learn Kannada', 'Start Lesson']
E   assert (False or False)</failure></testcase><testcase classname="tests.test_lesson_flow" name="test_progress_counter_visible" time="10.887" /><testcase classname="tests.test_lesson_flow" name="test_completion_after_last_exercise" time="46.807"><failure message="AssertionError: Completion not found in: ['2 / 10\nಬಾಳೆಹಣ್ಣು\nBāḷehaṇṇu\nPlay audio\nMango\nBanana', '2 / 10\nಬಾಳೆಹಣ್ಣು\nBāḷehaṇṇu\nPlay audio\nMango\nBanana', '2 / 10\nಬಾಳೆಹಣ್ಣು\nBāḷehaṇṇu\nPlay audio\nMango\nBanana', '2 / 10\nಬಾಳೆಹಣ್ಣು\nBāḷehaṇṇu\nPlay audio\nMango\nBanana', '2 / 10', 'ಬಾಳೆಹಣ್ಣು', 'Bāḷehaṇṇu', 'Play audio', 'Mango\nBanana', 'Mango\nBanana', 'Mango', 'Banana']&#10;assert False">tests/test_lesson_flow.py:74: in test_completion_after_last_exercise
    assert completion_found, f"Completion not found in: {texts}"
E   AssertionError: Completion not found in: ['2 / 10\nಬಾಳೆಹಣ್ಣು\nBāḷehaṇṇu\nPlay audio\nMango\nBanana', '2 / 10\nಬಾಳೆಹಣ್ಣು\nBāḷehaṇṇu\nPlay audio\nMango\nBanana', '2 / 10\nಬಾಳೆಹಣ್ಣು\nBāḷehaṇṇu\nPlay audio\nMango\nBanana', '2 / 10\nಬಾಳೆಹಣ್ಣು\nBāḷehaṇṇu\nPlay audio\nMango\nBanana', '2 / 10', 'ಬಾಳೆಹಣ್ಣು', 'Bāḷehaṇṇu', 'Play audio', 'Mango\nBanana', 'Mango\nBanana', 'Mango', 'Banana']
E   assert False</failure></testcase></testsuite></testsuites>